<?xml version="1.0" encoding="UTF-8"?>
<testsuite xmlns:xsi="http://www.w3.org/2001/XMLSchema-instance" xsi:noNamespaceSchemaLocation="https://maven.apache.org/surefire/maven-surefire-plugin/xsd/surefire-test-report.xsd" version="3.0.2" name="com.engenharia_softeare.gerador_curriculo.GeradorCurriculoApplicationTests" time="5.031" tests="1" errors="0" skipped="0" failures="0">
  <properties>
    <property name="java.specification.version" value="21"/>
    <property name="sun.jnu.encoding" value="UTF-8"/>
    <property name="java.class.path" value="/var/home/bernardoburigo/Desktop/Site Gerador de Currículo/target/test-classes:/var/home/bernardoburigo/Desktop/Site Gerador de Currículo/target/classes:/home/bernardoburigo/.m2/repository/org/springframework/boot/spring-boot-starter-web/3.5.5/spring-boot-starter-web-3.5.5.jar:/home/bernardoburigo/.m2/repository/org/springframework/boot/spring-boot-starter/3.5.5/spring-boot-starter-3.5.5.jar:/home/bernardoburigo/.m2/repository/org/springframework/boot/spring-boot-starter-logging/3.5.5/spring-boot-starter-logging-3.5.5.jar:/home/bernardoburigo/.m2/repository/ch/qos/logback/logback-classic/1.5.18/logback-classic-1.5.18.jar:/home/bernardoburigo/.m2/repository/ch/qos/logback/logback-core/1.5.18/logback-core-1.5.18.jar:/home/bernardoburigo/.m2/repository/org/apache/logging/log4j/log4j-to-slf4j/2.24.3/log4j-to-slf4j-2.24.3.jar:/home/bernardoburigo/.m2/repository/org/apache/logging/log4j/log4j-api/2.24.3/log4j-api-2.24.3.jar:/home/bernardoburigo/.m2/repository/org/slf4j/jul-to-slf4j/2.0.17/jul-to-slf4j-2.0.17.jar:/home/bernardoburigo/.m2/repository/jakarta/annotation/jakarta.annotation-api/2.1.1/jakarta.annotation-api-2.1.1.jar:/home/bernardoburigo/.m2/repository/org/yaml/snakeyaml/2.4/snakeyaml-2.4.jar:/home/bernardoburigo/.m2/repository/org/springframework/boot/spring-boot-starter-json/3.5.5/spring-boot-starter-json-3.5.5.jar:/home/bernardoburigo/.m2/repository/com/fasterxml/jackson/datatype/jackson-datatype-jdk8/2.19.2/jackson-datatype-jdk8-2.19.2.jar:/home/bernardoburigo/.m2/repository/com/fasterxml/jackson/datatype/jackson-datatype-jsr310/2.19.2/jackson-datatype-jsr310-2.19.2.jar:/home/bernardoburigo/.m2/repository/com/fasterxml/jackson/module/jackson-module-parameter-names/2.19.2/jackson-module-parameter-names-2.19.2.jar:/home/bernardoburigo/.m2/repository/org/springframework/boot/spring-boot-starter-tomcat/3.5.5/spring-boot-starter-tomcat-3.5.5.jar:/home/bernardoburigo/.m2/repository/org/apache/tomcat/embed/tomcat-embed-core/10.1.44/tomcat-embed-core-10.1.44.jar:/home/bernardoburigo/.m2/repository/org/apache/tomcat/embed/tomcat-embed-el/10.1.44/tomcat-embed-el-10.1.44.jar:/home/bernardoburigo/.m2/repository/org/apache/tomcat/embed/tomcat-embed-websocket/10.1.44/tomcat-embed-websocket-10.1.44.jar:/home/bernardoburigo/.m2/repository/org/springframework/spring-web/6.2.10/spring-web-6.2.10.jar:/home/bernardoburigo/.m2/repository/org/springframework/spring-beans/6.2.10/spring-beans-6.2.10.jar:/home/bernardoburigo/.m2/repository/io/micrometer/micrometer-observation/1.15.3/micrometer-observation-1.15.3.jar:/home/bernardoburigo/.m2/repository/io/micrometer/micrometer-commons/1.15.3/micrometer-commons-1.15.3.jar:/home/bernardoburigo/.m2/repository/org/springframework/spring-webmvc/6.2.10/spring-webmvc-6.2.10.jar:/home/bernardoburigo/.m2/repository/org/springframework/spring-aop/6.2.10/spring-aop-6.2.10.jar:/home/bernardoburigo/.m2/repository/org/springframework/spring-context/6.2.10/spring-context-6.2.10.jar:/home/bernardoburigo/.m2/repository/org/springframework/spring-expression/6.2.10/spring-expression-6.2.10.jar:/home/bernardoburigo/.m2/repository/org/springframework/boot/spring-boot-devtools/3.5.5/spring-boot-devtools-3.5.5.jar:/home/bernardoburigo/.m2/repository/org/springframework/boot/spring-boot/3.5.5/spring-boot-3.5.5.jar:/home/bernardoburigo/.m2/repository/org/springframework/boot/spring-boot-autoconfigure/3.5.5/spring-boot-autoconfigure-3.5.5.jar:/home/bernardoburigo/.m2/repository/org/projectlombok/lombok/1.18.38/lombok-1.18.38.jar:/home/bernardoburigo/.m2/repository/org/springframework/boot/spring-boot-starter-test/3.5.5/spring-boot-starter-test-3.5.5.jar:/home/bernardoburigo/.m2/repository/org/springframework/boot/spring-boot-test/3.5.5/spring-boot-test-3.5.5.jar:/home/bernardoburigo/.m2/repository/org/springframework/boot/spring-boot-test-autoconfigure/3.5.5/spring-boot-test-autoconfigure-3.5.5.jar:/home/bernardoburigo/.m2/repository/com/jayway/jsonpath/json-path/2.9.0/json-path-2.9.0.jar:/home/bernardoburigo/.m2/repository/jakarta/xml/bind/jakarta.xml.bind-api/4.0.2/jakarta.xml.bind-api-4.0.2.jar:/home/bernardoburigo/.m2/repository/jakarta/activation/jakarta.activation-api/2.1.3/jakarta.activation-api-2.1.3.jar:/home/bernardoburigo/.m2/repository/net/minidev/json-smart/2.5.2/json-smart-2.5.2.jar:/home/bernardoburigo/.m2/repository/net/minidev/accessors-smart/2.5.2/accessors-smart-2.5.2.jar:/home/bernardoburigo/.m2/repository/org/ow2/asm/asm/9.7.1/asm-9.7.1.jar:/home/bernardoburigo/.m2/repository/org/assertj/assertj-core/3.27.4/assertj-core-3.27.4.jar:/home/bernardoburigo/.m2/repository/net/bytebuddy/byte-buddy/1.17.7/byte-buddy-1.17.7.jar:/home/bernardoburigo/.m2/repository/org/awaitility/awaitility/4.2.2/awaitility-4.2.2.jar:/home/bernardoburigo/.m2/repository/org/hamcrest/hamcrest/3.0/hamcrest-3.0.jar:/home/bernardoburigo/.m2/repository/org/junit/jupiter/junit-jupiter/5.12.2/junit-jupiter-5.12.2.jar:/home/bernardoburigo/.m2/repository/org/junit/jupiter/junit-jupiter-api/5.12.2/junit-jupiter-api-5.12.2.jar:/home/bernardoburigo/.m2/repository/org/opentest4j/opentest4j/1.3.0/opentest4j-1.3.0.jar:/home/bernardoburigo/.m2/repository/org/junit/platform/junit-platform-commons/1.12.2/junit-platform-commons-1.12.2.jar:/home/bernardoburigo/.m2/repository/org/apiguardian/apiguardian-api/1.1.2/apiguardian-api-1.1.2.jar:/home/bernardoburigo/.m2/repository/org/junit/jupiter/junit-jupiter-params/5.12.2/junit-jupiter-params-5.12.2.jar:/home/bernardoburigo/.m2/repository/org/junit/jupiter/junit-jupiter-engine/5.12.2/junit-jupiter-engine-5.12.2.jar:/home/bernardoburigo/.m2/repository/org/junit/platform/junit-platform-engine/1.12.2/junit-platform-engine-1.12.2.jar:/home/bernardoburigo/.m2/repository/org/mockito/mockito-core/5.17.0/mockito-core-5.17.0.jar:/home/bernardoburigo/.m2/repository/net/bytebuddy/byte-buddy-agent/1.17.7/byte-buddy-agent-1.17.7.jar:/home/bernardoburigo/.m2/repository/org/objenesis/objenesis/3.3/objenesis-3.3.jar:/home/bernardoburigo/.m2/repository/org/mockito/mockito-junit-jupiter/5.17.0/mockito-junit-jupiter-5.17.0.jar:/home/bernardoburigo/.m2/repository/org/skyscreamer/jsonassert/1.5.3/jsonassert-1.5.3.jar:/home/bernardoburigo/.m2/repository/com/vaadin/external/google/android-json/0.0.20131108.vaadin1/android-json-0.0.20131108.vaadin1.jar:/home/bernardoburigo/.m2/repository/org/springframework/spring-core/6.2.10/spring-core-6.2.10.jar:/home/bernardoburigo/.m2/repository/org/springframework/spring-jcl/6.2.10/spring-jcl-6.2.10.jar:/home/bernardoburigo/.m2/repository/org/springframework/spring-test/6.2.10/spring-test-6.2.10.jar:/home/bernardoburigo/.m2/repository/org/xmlunit/xmlunit-core/2.10.3/xmlunit-core-2.10.3.jar:/home/bernardoburigo/.m2/repository/dev/langchain4j/langchain4j-open-ai-spring-boot-starter/1.5.0-beta11/langchain4j-open-ai-spring-boot-starter-1.5.0-beta11.jar:/home/bernardoburigo/.m2/repository/dev/langchain4j/langchain4j-open-ai/1.5.0/langchain4j-open-ai-1.5.0.jar:/home/bernardoburigo/.m2/repository/dev/langchain4j/langchain4j-http-client/1.5.0/langchain4j-http-client-1.5.0.jar:/home/bernardoburigo/.m2/repository/com/knuddels/jtokkit/1.1.0/jtokkit-1.1.0.jar:/home/bernardoburigo/.m2/repository/dev/langchain4j/langchain4j-http-client-spring-restclient/1.5.0-beta11/langchain4j-http-client-spring-restclient-1.5.0-beta11.jar:/home/bernardoburigo/.m2/repository/dev/langchain4j/langchain4j/1.5.0/langchain4j-1.5.0.jar:/home/bernardoburigo/.m2/repository/dev/langchain4j/langchain4j-core/1.5.0/langchain4j-core-1.5.0.jar:/home/bernardoburigo/.m2/repository/org/jspecify/jspecify/1.0.0/jspecify-1.0.0.jar:/home/bernardoburigo/.m2/repository/com/fasterxml/jackson/core/jackson-annotations/2.19.2/jackson-annotations-2.19.2.jar:/home/bernardoburigo/.m2/repository/com/fasterxml/jackson/core/jackson-core/2.19.2/jackson-core-2.19.2.jar:/home/bernardoburigo/.m2/repository/com/fasterxml/jackson/core/jackson-databind/2.19.2/jackson-databind-2.19.2.jar:/home/bernardoburigo/.m2/repository/org/apache/opennlp/opennlp-tools/2.5.4/opennlp-tools-2.5.4.jar:/home/bernardoburigo/.m2/repository/org/slf4j/slf4j-api/2.0.17/slf4j-api-2.0.17.jar:/home/bernardoburigo/.m2/repository/org/apache/commons/commons-lang3/3.18.0/commons-lang3-3.18.0.jar:/home/bernardoburigo/.m2/repository/org/springframework/ai/spring-ai-ollama-spring-boot-starter/1.0.0-M6/spring-ai-ollama-spring-boot-starter-1.0.0-M6.jar:/home/bernardoburigo/.m2/repository/org/springframework/ai/spring-ai-spring-boot-autoconfigure/1.0.0-M6/spring-ai-spring-boot-autoconfigure-1.0.0-M6.jar:/home/bernardoburigo/.m2/repository/org/springframework/ai/spring-ai-ollama/1.0.0-M6/spring-ai-ollama-1.0.0-M6.jar:/home/bernardoburigo/.m2/repository/org/springframework/ai/spring-ai-core/1.0.0-M6/spring-ai-core-1.0.0-M6.jar:/home/bernardoburigo/.m2/repository/com/fasterxml/jackson/module/jackson-module-jsonSchema/2.19.2/jackson-module-jsonSchema-2.19.2.jar:/home/bernardoburigo/.m2/repository/javax/validation/validation-api/1.1.0.Final/validation-api-1.1.0.Final.jar:/home/bernardoburigo/.m2/repository/io/swagger/core/v3/swagger-annotations/2.2.25/swagger-annotations-2.2.25.jar:/home/bernardoburigo/.m2/repository/com/github/victools/jsonschema-module-swagger-2/4.37.0/jsonschema-module-swagger-2-4.37.0.jar:/home/bernardoburigo/.m2/repository/org/antlr/ST4/4.3.4/ST4-4.3.4.jar:/home/bernardoburigo/.m2/repository/org/antlr/antlr-runtime/3.5.3/antlr-runtime-3.5.3.jar:/home/bernardoburigo/.m2/repository/org/antlr/antlr4-runtime/4.13.1/antlr4-runtime-4.13.1.jar:/home/bernardoburigo/.m2/repository/io/projectreactor/reactor-core/3.7.9/reactor-core-3.7.9.jar:/home/bernardoburigo/.m2/repository/org/reactivestreams/reactive-streams/1.0.4/reactive-streams-1.0.4.jar:/home/bernardoburigo/.m2/repository/org/springframework/spring-messaging/6.2.10/spring-messaging-6.2.10.jar:/home/bernardoburigo/.m2/repository/io/micrometer/micrometer-core/1.15.3/micrometer-core-1.15.3.jar:/home/bernardoburigo/.m2/repository/org/hdrhistogram/HdrHistogram/2.2.2/HdrHistogram-2.2.2.jar:/home/bernardoburigo/.m2/repository/org/latencyutils/LatencyUtils/2.0.3/LatencyUtils-2.0.3.jar:/home/bernardoburigo/.m2/repository/io/micrometer/context-propagation/1.1.3/context-propagation-1.1.3.jar:/home/bernardoburigo/.m2/repository/com/github/victools/jsonschema-generator/4.37.0/jsonschema-generator-4.37.0.jar:/home/bernardoburigo/.m2/repository/com/fasterxml/classmate/1.7.0/classmate-1.7.0.jar:/home/bernardoburigo/.m2/repository/com/github/victools/jsonschema-module-jackson/4.37.0/jsonschema-module-jackson-4.37.0.jar:/home/bernardoburigo/.m2/repository/org/springframework/ai/spring-ai-retry/1.0.0-M6/spring-ai-retry-1.0.0-M6.jar:/home/bernardoburigo/.m2/repository/org/springframework/retry/spring-retry/2.0.12/spring-retry-2.0.12.jar:/home/bernardoburigo/.m2/repository/org/springframework/spring-webflux/6.2.10/spring-webflux-6.2.10.jar:"/>
    <property name="java.vm.vendor" value="Red Hat, Inc."/>
    <property name="sun.arch.data.model" value="64"/>
    <property name="java.vendor.url" value="https://www.redhat.com/"/>
    <property name="user.timezone" value="America/Sao_Paulo"/>
    <property name="os.name" value="Linux"/>
    <property name="java.vm.specification.version" value="21"/>
    <property name="APPLICATION_NAME" value="gerador-curriculo"/>
    <property name="sun.java.launcher" value="SUN_STANDARD"/>
    <property name="user.country" value="BR"/>
    <property name="sun.boot.library.path" value="/usr/lib/jvm/java-21-openjdk/lib"/>
    <property name="sun.java.command" value="/var/home/bernardoburigo/Desktop/Site Gerador de Currículo/target/surefire/surefirebooter-20251006143250824_3.jar /var/home/bernardoburigo/Desktop/Site Gerador de Currículo/target/surefire 2025-10-06T14-32-50_693-jvmRun1 surefire-20251006143250824_1tmp surefire_0-20251006143250824_2tmp"/>
    <property name="jdk.debug" value="release"/>
    <property name="surefire.test.class.path" value="/var/home/bernardoburigo/Desktop/Site Gerador de Currículo/target/test-classes:/var/home/bernardoburigo/Desktop/Site Gerador de Currículo/target/classes:/home/bernardoburigo/.m2/repository/org/springframework/boot/spring-boot-starter-web/3.5.5/spring-boot-starter-web-3.5.5.jar:/home/bernardoburigo/.m2/repository/org/springframework/boot/spring-boot-starter/3.5.5/spring-boot-starter-3.5.5.jar:/home/bernardoburigo/.m2/repository/org/springframework/boot/spring-boot-starter-logging/3.5.5/spring-boot-starter-logging-3.5.5.jar:/home/bernardoburigo/.m2/repository/ch/qos/logback/logback-classic/1.5.18/logback-classic-1.5.18.jar:/home/bernardoburigo/.m2/repository/ch/qos/logback/logback-core/1.5.18/logback-core-1.5.18.jar:/home/bernardoburigo/.m2/repository/org/apache/logging/log4j/log4j-to-slf4j/2.24.3/log4j-to-slf4j-2.24.3.jar:/home/bernardoburigo/.m2/repository/org/apache/logging/log4j/log4j-api/2.24.3/log4j-api-2.24.3.jar:/home/bernardoburigo/.m2/repository/org/slf4j/jul-to-slf4j/2.0.17/jul-to-slf4j-2.0.17.jar:/home/bernardoburigo/.m2/repository/jakarta/annotation/jakarta.annotation-api/2.1.1/jakarta.annotation-api-2.1.1.jar:/home/bernardoburigo/.m2/repository/org/yaml/snakeyaml/2.4/snakeyaml-2.4.jar:/home/bernardoburigo/.m2/repository/org/springframework/boot/spring-boot-starter-json/3.5.5/spring-boot-starter-json-3.5.5.jar:/home/bernardoburigo/.m2/repository/com/fasterxml/jackson/datatype/jackson-datatype-jdk8/2.19.2/jackson-datatype-jdk8-2.19.2.jar:/home/bernardoburigo/.m2/repository/com/fasterxml/jackson/datatype/jackson-datatype-jsr310/2.19.2/jackson-datatype-jsr310-2.19.2.jar:/home/bernardoburigo/.m2/repository/com/fasterxml/jackson/module/jackson-module-parameter-names/2.19.2/jackson-module-parameter-names-2.19.2.jar:/home/bernardoburigo/.m2/repository/org/springframework/boot/spring-boot-starter-tomcat/3.5.5/spring-boot-starter-tomcat-3.5.5.jar:/home/bernardoburigo/.m2/repository/org/apache/tomcat/embed/tomcat-embed-core/10.1.44/tomcat-embed-core-10.1.44.jar:/home/bernardoburigo/.m2/repository/org/apache/tomcat/embed/tomcat-embed-el/10.1.44/tomcat-embed-el-10.1.44.jar:/home/bernardoburigo/.m2/repository/org/apache/tomcat/embed/tomcat-embed-websocket/10.1.44/tomcat-embed-websocket-10.1.44.jar:/home/bernardoburigo/.m2/repository/org/springframework/spring-web/6.2.10/spring-web-6.2.10.jar:/home/bernardoburigo/.m2/repository/org/springframework/spring-beans/6.2.10/spring-beans-6.2.10.jar:/home/bernardoburigo/.m2/repository/io/micrometer/micrometer-observation/1.15.3/micrometer-observation-1.15.3.jar:/home/bernardoburigo/.m2/repository/io/micrometer/micrometer-commons/1.15.3/micrometer-commons-1.15.3.jar:/home/bernardoburigo/.m2/repository/org/springframework/spring-webmvc/6.2.10/spring-webmvc-6.2.10.jar:/home/bernardoburigo/.m2/repository/org/springframework/spring-aop/6.2.10/spring-aop-6.2.10.jar:/home/bernardoburigo/.m2/repository/org/springframework/spring-context/6.2.10/spring-context-6.2.10.jar:/home/bernardoburigo/.m2/repository/org/springframework/spring-expression/6.2.10/spring-expression-6.2.10.jar:/home/bernardoburigo/.m2/repository/org/springframework/boot/spring-boot-devtools/3.5.5/spring-boot-devtools-3.5.5.jar:/home/bernardoburigo/.m2/repository/org/springframework/boot/spring-boot/3.5.5/spring-boot-3.5.5.jar:/home/bernardoburigo/.m2/repository/org/springframework/boot/spring-boot-autoconfigure/3.5.5/spring-boot-autoconfigure-3.5.5.jar:/home/bernardoburigo/.m2/repository/org/projectlombok/lombok/1.18.38/lombok-1.18.38.jar:/home/bernardoburigo/.m2/repository/org/springframework/boot/spring-boot-starter-test/3.5.5/spring-boot-starter-test-3.5.5.jar:/home/bernardoburigo/.m2/repository/org/springframework/boot/spring-boot-test/3.5.5/spring-boot-test-3.5.5.jar:/home/bernardoburigo/.m2/repository/org/springframework/boot/spring-boot-test-autoconfigure/3.5.5/spring-boot-test-autoconfigure-3.5.5.jar:/home/bernardoburigo/.m2/repository/com/jayway/jsonpath/json-path/2.9.0/json-path-2.9.0.jar:/home/bernardoburigo/.m2/repository/jakarta/xml/bind/jakarta.xml.bind-api/4.0.2/jakarta.xml.bind-api-4.0.2.jar:/home/bernardoburigo/.m2/repository/jakarta/activation/jakarta.activation-api/2.1.3/jakarta.activation-api-2.1.3.jar:/home/bernardoburigo/.m2/repository/net/minidev/json-smart/2.5.2/json-smart-2.5.2.jar:/home/bernardoburigo/.m2/repository/net/minidev/accessors-smart/2.5.2/accessors-smart-2.5.2.jar:/home/bernardoburigo/.m2/repository/org/ow2/asm/asm/9.7.1/asm-9.7.1.jar:/home/bernardoburigo/.m2/repository/org/assertj/assertj-core/3.27.4/assertj-core-3.27.4.jar:/home/bernardoburigo/.m2/repository/net/bytebuddy/byte-buddy/1.17.7/byte-buddy-1.17.7.jar:/home/bernardoburigo/.m2/repository/org/awaitility/awaitility/4.2.2/awaitility-4.2.2.jar:/home/bernardoburigo/.m2/repository/org/hamcrest/hamcrest/3.0/hamcrest-3.0.jar:/home/bernardoburigo/.m2/repository/org/junit/jupiter/junit-jupiter/5.12.2/junit-jupiter-5.12.2.jar:/home/bernardoburigo/.m2/repository/org/junit/jupiter/junit-jupiter-api/5.12.2/junit-jupiter-api-5.12.2.jar:/home/bernardoburigo/.m2/repository/org/opentest4j/opentest4j/1.3.0/opentest4j-1.3.0.jar:/home/bernardoburigo/.m2/repository/org/junit/platform/junit-platform-commons/1.12.2/junit-platform-commons-1.12.2.jar:/home/bernardoburigo/.m2/repository/org/apiguardian/apiguardian-api/1.1.2/apiguardian-api-1.1.2.jar:/home/bernardoburigo/.m2/repository/org/junit/jupiter/junit-jupiter-params/5.12.2/junit-jupiter-params-5.12.2.jar:/home/bernardoburigo/.m2/repository/org/junit/jupiter/junit-jupiter-engine/5.12.2/junit-jupiter-engine-5.12.2.jar:/home/bernardoburigo/.m2/repository/org/junit/platform/junit-platform-engine/1.12.2/junit-platform-engine-1.12.2.jar:/home/bernardoburigo/.m2/repository/org/mockito/mockito-core/5.17.0/mockito-core-5.17.0.jar:/home/bernardoburigo/.m2/repository/net/bytebuddy/byte-buddy-agent/1.17.7/byte-buddy-agent-1.17.7.jar:/home/bernardoburigo/.m2/repository/org/objenesis/objenesis/3.3/objenesis-3.3.jar:/home/bernardoburigo/.m2/repository/org/mockito/mockito-junit-jupiter/5.17.0/mockito-junit-jupiter-5.17.0.jar:/home/bernardoburigo/.m2/repository/org/skyscreamer/jsonassert/1.5.3/jsonassert-1.5.3.jar:/home/bernardoburigo/.m2/repository/com/vaadin/external/google/android-json/0.0.20131108.vaadin1/android-json-0.0.20131108.vaadin1.jar:/home/bernardoburigo/.m2/repository/org/springframework/spring-core/6.2.10/spring-core-6.2.10.jar:/home/bernardoburigo/.m2/repository/org/springframework/spring-jcl/6.2.10/spring-jcl-6.2.10.jar:/home/bernardoburigo/.m2/repository/org/springframework/spring-test/6.2.10/spring-test-6.2.10.jar:/home/bernardoburigo/.m2/repository/org/xmlunit/xmlunit-core/2.10.3/xmlunit-core-2.10.3.jar:/home/bernardoburigo/.m2/repository/dev/langchain4j/langchain4j-open-ai-spring-boot-starter/1.5.0-beta11/langchain4j-open-ai-spring-boot-starter-1.5.0-beta11.jar:/home/bernardoburigo/.m2/repository/dev/langchain4j/langchain4j-open-ai/1.5.0/langchain4j-open-ai-1.5.0.jar:/home/bernardoburigo/.m2/repository/dev/langchain4j/langchain4j-http-client/1.5.0/langchain4j-http-client-1.5.0.jar:/home/bernardoburigo/.m2/repository/com/knuddels/jtokkit/1.1.0/jtokkit-1.1.0.jar:/home/bernardoburigo/.m2/repository/dev/langchain4j/langchain4j-http-client-spring-restclient/1.5.0-beta11/langchain4j-http-client-spring-restclient-1.5.0-beta11.jar:/home/bernardoburigo/.m2/repository/dev/langchain4j/langchain4j/1.5.0/langchain4j-1.5.0.jar:/home/bernardoburigo/.m2/repository/dev/langchain4j/langchain4j-core/1.5.0/langchain4j-core-1.5.0.jar:/home/bernardoburigo/.m2/repository/org/jspecify/jspecify/1.0.0/jspecify-1.0.0.jar:/home/bernardoburigo/.m2/repository/com/fasterxml/jackson/core/jackson-annotations/2.19.2/jackson-annotations-2.19.2.jar:/home/bernardoburigo/.m2/repository/com/fasterxml/jackson/core/jackson-core/2.19.2/jackson-core-2.19.2.jar:/home/bernardoburigo/.m2/repository/com/fasterxml/jackson/core/jackson-databind/2.19.2/jackson-databind-2.19.2.jar:/home/bernardoburigo/.m2/repository/org/apache/opennlp/opennlp-tools/2.5.4/opennlp-tools-2.5.4.jar:/home/bernardoburigo/.m2/repository/org/slf4j/slf4j-api/2.0.17/slf4j-api-2.0.17.jar:/home/bernardoburigo/.m2/repository/org/apache/commons/commons-lang3/3.18.0/commons-lang3-3.18.0.jar:/home/bernardoburigo/.m2/repository/org/springframework/ai/spring-ai-ollama-spring-boot-starter/1.0.0-M6/spring-ai-ollama-spring-boot-starter-1.0.0-M6.jar:/home/bernardoburigo/.m2/repository/org/springframework/ai/spring-ai-spring-boot-autoconfigure/1.0.0-M6/spring-ai-spring-boot-autoconfigure-1.0.0-M6.jar:/home/bernardoburigo/.m2/repository/org/springframework/ai/spring-ai-ollama/1.0.0-M6/spring-ai-ollama-1.0.0-M6.jar:/home/bernardoburigo/.m2/repository/org/springframework/ai/spring-ai-core/1.0.0-M6/spring-ai-core-1.0.0-M6.jar:/home/bernardoburigo/.m2/repository/com/fasterxml/jackson/module/jackson-module-jsonSchema/2.19.2/jackson-module-jsonSchema-2.19.2.jar:/home/bernardoburigo/.m2/repository/javax/validation/validation-api/1.1.0.Final/validation-api-1.1.0.Final.jar:/home/bernardoburigo/.m2/repository/io/swagger/core/v3/swagger-annotations/2.2.25/swagger-annotations-2.2.25.jar:/home/bernardoburigo/.m2/repository/com/github/victools/jsonschema-module-swagger-2/4.37.0/jsonschema-module-swagger-2-4.37.0.jar:/home/bernardoburigo/.m2/repository/org/antlr/ST4/4.3.4/ST4-4.3.4.jar:/home/bernardoburigo/.m2/repository/org/antlr/antlr-runtime/3.5.3/antlr-runtime-3.5.3.jar:/home/bernardoburigo/.m2/repository/org/antlr/antlr4-runtime/4.13.1/antlr4-runtime-4.13.1.jar:/home/bernardoburigo/.m2/repository/io/projectreactor/reactor-core/3.7.9/reactor-core-3.7.9.jar:/home/bernardoburigo/.m2/repository/org/reactivestreams/reactive-streams/1.0.4/reactive-streams-1.0.4.jar:/home/bernardoburigo/.m2/repository/org/springframework/spring-messaging/6.2.10/spring-messaging-6.2.10.jar:/home/bernardoburigo/.m2/repository/io/micrometer/micrometer-core/1.15.3/micrometer-core-1.15.3.jar:/home/bernardoburigo/.m2/repository/org/hdrhistogram/HdrHistogram/2.2.2/HdrHistogram-2.2.2.jar:/home/bernardoburigo/.m2/repository/org/latencyutils/LatencyUtils/2.0.3/LatencyUtils-2.0.3.jar:/home/bernardoburigo/.m2/repository/io/micrometer/context-propagation/1.1.3/context-propagation-1.1.3.jar:/home/bernardoburigo/.m2/repository/com/github/victools/jsonschema-generator/4.37.0/jsonschema-generator-4.37.0.jar:/home/bernardoburigo/.m2/repository/com/fasterxml/classmate/1.7.0/classmate-1.7.0.jar:/home/bernardoburigo/.m2/repository/com/github/victools/jsonschema-module-jackson/4.37.0/jsonschema-module-jackson-4.37.0.jar:/home/bernardoburigo/.m2/repository/org/springframework/ai/spring-ai-retry/1.0.0-M6/spring-ai-retry-1.0.0-M6.jar:/home/bernardoburigo/.m2/repository/org/springframework/retry/spring-retry/2.0.12/spring-retry-2.0.12.jar:/home/bernardoburigo/.m2/repository/org/springframework/spring-webflux/6.2.10/spring-webflux-6.2.10.jar:"/>
    <property name="sun.cpu.endian" value="little"/>
    <property name="user.home" value="/home/bernardoburigo"/>
    <property name="user.language" value="pt"/>
    <property name="java.specification.vendor" value="Oracle Corporation"/>
    <property name="java.version.date" value="2025-04-15"/>
    <property name="java.home" value="/usr/lib/jvm/java-21-openjdk"/>
    <property name="file.separator" value="/"/>
    <property name="basedir" value="/var/home/bernardoburigo/Desktop/Site Gerador de Currículo"/>
    <property name="java.vm.compressedOopsMode" value="Zero based"/>
    <property name="line.separator" value="&#10;"/>
    <property name="java.vm.specification.vendor" value="Oracle Corporation"/>
    <property name="java.specification.name" value="Java Platform API Specification"/>
    <property name="FILE_LOG_CHARSET" value="UTF-8"/>
    <property name="java.awt.headless" value="true"/>
    <property name="surefire.real.class.path" value="/var/home/bernardoburigo/Desktop/Site Gerador de Currículo/target/surefire/surefirebooter-20251006143250824_3.jar"/>
    <property name="sun.management.compiler" value="HotSpot 64-Bit Tiered Compilers"/>
    <property name="java.runtime.version" value="21.0.7+6"/>
    <property name="user.name" value="bernardoburigo"/>
    <property name="stdout.encoding" value="UTF-8"/>
    <property name="path.separator" value=":"/>
    <property name="os.version" value="6.13.9-103.bazzite.fc41.x86_64"/>
    <property name="java.runtime.name" value="OpenJDK Runtime Environment"/>
    <property name="file.encoding" value="UTF-8"/>
    <property name="java.vm.name" value="OpenJDK 64-Bit Server VM"/>
    <property name="skipTests" value="false"/>
    <property name="java.vendor.version" value="(Red_Hat-21.0.7.0.6-2)"/>
    <property name="localRepository" value="/home/bernardoburigo/.m2/repository"/>
    <property name="java.vendor.url.bug" value="https://bugzilla.redhat.com/enter_bug.cgi?product=Fedora&amp;component=java-21-openjdk&amp;version=41"/>
    <property name="java.io.tmpdir" value="/tmp"/>
    <property name="java.version" value="21.0.7"/>
    <property name="user.dir" value="/var/home/bernardoburigo/Desktop/Site Gerador de Currículo"/>
    <property name="os.arch" value="amd64"/>
    <property name="java.vm.specification.name" value="Java Virtual Machine Specification"/>
    <property name="PID" value="9072"/>
    <property name="CONSOLE_LOG_CHARSET" value="UTF-8"/>
    <property name="native.encoding" value="UTF-8"/>
    <property name="java.library.path" value="/tmp/.mount_cursorZYDSrc/usr/lib/:/tmp/.mount_cursorZYDSrc/usr/lib32/:/tmp/.mount_cursorZYDSrc/usr/lib64/:/tmp/.mount_cursorZYDSrc/lib/:/tmp/.mount_cursorZYDSrc/lib/i386-linux-gnu/:/tmp/.mount_cursorZYDSrc/lib/x86_64-linux-gnu/:/tmp/.mount_cursorZYDSrc/lib/aarch64-linux-gnu/:/tmp/.mount_cursorZYDSrc/lib32/:/tmp/.mount_cursorZYDSrc/lib64/::/usr/java/packages/lib:/usr/lib64:/lib64:/lib:/usr/lib"/>
    <property name="java.vm.info" value="mixed mode, sharing"/>
    <property name="stderr.encoding" value="UTF-8"/>
    <property name="java.vendor" value="Red Hat, Inc."/>
    <property name="java.vm.version" value="21.0.7+6"/>
    <property name="sun.io.unicode.encoding" value="UnicodeLittle"/>
    <property name="java.class.version" value="65.0"/>
    <property name="LOGGED_APPLICATION_NAME" value="[gerador-curriculo] "/>
  </properties>
  <testcase name="contextLoads" classname="com.engenharia_softeare.gerador_curriculo.GeradorCurriculoApplicationTests" time="0.97">
    <system-out><![CDATA[14:32:52.204 [main] INFO org.springframework.test.context.support.AnnotationConfigContextLoaderUtils -- Could not detect default configuration classes for test class [com.engenharia_softeare.gerador_curriculo.GeradorCurriculoApplicationTests]: GeradorCurriculoApplicationTests does not declare any static, non-private, non-final, nested classes annotated with @Configuration.
14:32:52.424 [main] INFO org.springframework.boot.test.context.SpringBootTestContextBootstrapper -- Found @SpringBootConfiguration com.engenharia_softeare.gerador_curriculo.GeradorCurriculoApplication for test class com.engenharia_softeare.gerador_curriculo.GeradorCurriculoApplicationTests
14:32:52.717 [main] INFO org.springframework.boot.devtools.restart.RestartApplicationListener -- Restart disabled due to context in which it is running

  .   ____          _            __ _ _
 /\\ / ___'_ __ _ _(_)_ __  __ _ \ \ \ \
( ( )\___ | '_ | '_| | '_ \/ _` | \ \ \ \
 \\/  ___)| |_)| | | | | || (_| |  ) ) ) )
  '  |____| .__|_| |_|_| |_\__, | / / / /
 =========|_|==============|___/=/_/_/_/

 :: Spring Boot ::                (v3.5.5)

2025-10-06T14:32:53.153-03:00  INFO 9072 --- [gerador-curriculo] [           main] c.e.g.GeradorCurriculoApplicationTests   : Starting GeradorCurriculoApplicationTests using Java 21.0.7 with PID 9072 (started by bernardoburigo in /var/home/bernardoburigo/Desktop/Site Gerador de Currículo)
2025-10-06T14:32:53.157-03:00  INFO 9072 --- [gerador-curriculo] [           main] c.e.g.GeradorCurriculoApplicationTests   : No active profile set, falling back to 1 default profile: "default"
2025-10-06T14:32:55.986-03:00  INFO 9072 --- [gerador-curriculo] [           main] c.e.g.GeradorCurriculoApplicationTests   : Started GeradorCurriculoApplicationTests in 3.293 seconds (process running for 4.989)
]]></system-out>
    <system-err><![CDATA[Mockito is currently self-attaching to enable the inline-mock-maker. This will no longer work in future releases of the JDK. Please add Mockito as an agent to your build as described in Mockito's documentation: https://javadoc.io/doc/org.mockito/mockito-core/latest/org.mockito/org/mockito/Mockito.html#0.3
WARNING: A Java agent has been loaded dynamically (/home/bernardoburigo/.m2/repository/net/bytebuddy/byte-buddy-agent/1.17.7/byte-buddy-agent-1.17.7.jar)
WARNING: If a serviceability tool is in use, please run with -XX:+EnableDynamicAgentLoading to hide this warning
WARNING: If a serviceability tool is not in use, please run with -Djdk.instrument.traceUsage for more information
WARNING: Dynamic loading of agents will be disallowed by default in a future release
]]></system-err>
  </testcase>
</testsuite>